2023-12-28 02:21:28 



















2023-12-28 02:21:28 Cl version v1.1.1.0-a4c03d9-dirty
2023-12-28 02:21:28 InitParameterInteraction: parameter interaction: -listen=0 -> setting -upnp=0
2023-12-28 02:21:28 InitParameterInteraction: parameter interaction: -listen=0 -> setting -discover=0
2023-12-28 02:21:28 InitParameterInteraction: parameter interaction: -listen=0 -> setting -listenonion=0
2023-12-28 02:21:28 InitParameterInteraction: parameter interaction: -whitelistforcerelay=1 -> setting -whitelistrelay=1
2023-12-28 02:21:28 GUI: QString::arg: Argument missing: , v1.1.1.0-a4c03d9-dirty
2023-12-28 02:21:28 GUI: Could not parse stylesheet of object QToolBar(0x55b4cda74c70)
2023-12-28 02:21:28 GUI: Could not parse stylesheet of object QToolBar(0x55b4cda74c70)
2023-12-28 02:21:28 GUI: Could not parse stylesheet of object QToolBar(0x55b4cda74c70)
2023-12-28 02:21:28 Assuming ancestors of block 000000eb1a028455ccf13a58de5f1e8cca706094138209c72e4a1f4c147cff88 have valid signatures.
2023-12-28 02:21:28 Setting nMinimumChainWork=0000000000000000000000000000000000000000000000000000000000000000
2023-12-28 02:21:28 Using the 'sse4' SHA256 implementation
2023-12-28 02:21:28 Using RdRand as an additional entropy source
2023-12-28 02:21:28 Default data directory /home/legends/.cl
2023-12-28 02:21:28 Using data directory /home/legends/Desktop/CryptoLuck/Cryptoluck/src/qt/cl2
2023-12-28 02:21:28 Using config file /home/legends/Desktop/CryptoLuck/Cryptoluck/src/qt/cl2/cl.conf
2023-12-28 02:21:28 Using at most 125 automatic connections (1024 file descriptors available)
2023-12-28 02:21:28 Using 16 MiB out of 32/2 requested for signature cache, able to store 524288 elements
2023-12-28 02:21:28 Using 16 MiB out of 32/2 requested for script execution cache, able to store 524288 elements
2023-12-28 02:21:28 Using 4 threads for script verification
2023-12-28 02:21:28 init message: Verifying wallet(s)...
2023-12-28 02:21:28 Using BerkeleyDB version Berkeley DB 4.8.30: (April  9, 2010)
2023-12-28 02:21:28 Using wallet wallet.dat
2023-12-28 02:21:28 CDBEnv::Open: LogDir=/home/legends/Desktop/CryptoLuck/Cryptoluck/src/qt/cl2/database ErrorFile=/home/legends/Desktop/CryptoLuck/Cryptoluck/src/qt/cl2/db.log
2023-12-28 02:21:28 scheduler thread start
2023-12-28 02:21:28 Block index database configuration:
2023-12-28 02:21:28 * Using 2 MB files
2023-12-28 02:21:28 Cache configuration:
2023-12-28 02:21:28 * Using 2.0MiB for block index database
2023-12-28 02:21:28 * Using 8.0MiB for chain state database
2023-12-28 02:21:28 * Using 440.0MiB for in-memory UTXO set (plus up to 286.1MiB of unused mempool space)
2023-12-28 02:21:28 init message: Loading block index...
2023-12-28 02:21:28 Opening LevelDB in /home/legends/Desktop/CryptoLuck/Cryptoluck/src/qt/cl2/blocks/index
2023-12-28 02:21:28 Opened LevelDB successfully
2023-12-28 02:21:28 Using obfuscation key for /home/legends/Desktop/CryptoLuck/Cryptoluck/src/qt/cl2/blocks/index: 0000000000000000
2023-12-28 02:21:28 Opening LevelDB in /home/legends/Desktop/CryptoLuck/Cryptoluck/src/qt/cl2/assets
2023-12-28 02:21:28 Opened LevelDB successfully
2023-12-28 02:21:28 Using obfuscation key for /home/legends/Desktop/CryptoLuck/Cryptoluck/src/qt/cl2/assets: 0000000000000000
2023-12-28 02:21:28 Opening LevelDB in /home/legends/Desktop/CryptoLuck/Cryptoluck/src/qt/cl2/messages/messages
2023-12-28 02:21:29 Opened LevelDB successfully
2023-12-28 02:21:29 Using obfuscation key for /home/legends/Desktop/CryptoLuck/Cryptoluck/src/qt/cl2/messages/messages: 0000000000000000
2023-12-28 02:21:29 Opening LevelDB in /home/legends/Desktop/CryptoLuck/Cryptoluck/src/qt/cl2/messages/channels
2023-12-28 02:21:29 Opened LevelDB successfully
2023-12-28 02:21:29 Using obfuscation key for /home/legends/Desktop/CryptoLuck/Cryptoluck/src/qt/cl2/messages/channels: 0000000000000000
2023-12-28 02:21:29 Opening LevelDB in /home/legends/Desktop/CryptoLuck/Cryptoluck/src/qt/cl2/myrestricted
2023-12-28 02:21:29 Opened LevelDB successfully
2023-12-28 02:21:29 Using obfuscation key for /home/legends/Desktop/CryptoLuck/Cryptoluck/src/qt/cl2/myrestricted: 0000000000000000
2023-12-28 02:21:29 Opening LevelDB in /home/legends/Desktop/CryptoLuck/Cryptoluck/src/qt/cl2/assets/restricted
2023-12-28 02:21:29 Opened LevelDB successfully
2023-12-28 02:21:29 Using obfuscation key for /home/legends/Desktop/CryptoLuck/Cryptoluck/src/qt/cl2/assets/restricted: 0000000000000000
2023-12-28 02:21:29 Opening LevelDB in /home/legends/Desktop/CryptoLuck/Cryptoluck/src/qt/cl2/rewards/snapshotrequest
2023-12-28 02:21:29 Opened LevelDB successfully
2023-12-28 02:21:29 Using obfuscation key for /home/legends/Desktop/CryptoLuck/Cryptoluck/src/qt/cl2/rewards/snapshotrequest: 0000000000000000
2023-12-28 02:21:29 Opening LevelDB in /home/legends/Desktop/CryptoLuck/Cryptoluck/src/qt/cl2/rewards/assetsnapshot
2023-12-28 02:21:30 Opened LevelDB successfully
2023-12-28 02:21:30 Using obfuscation key for /home/legends/Desktop/CryptoLuck/Cryptoluck/src/qt/cl2/rewards/assetsnapshot: 0000000000000000
2023-12-28 02:21:30 Opening LevelDB in /home/legends/Desktop/CryptoLuck/Cryptoluck/src/qt/cl2/rewards/distributerequests
2023-12-28 02:21:30 Opened LevelDB successfully
2023-12-28 02:21:30 Using obfuscation key for /home/legends/Desktop/CryptoLuck/Cryptoluck/src/qt/cl2/rewards/distributerequests: 0000000000000000
2023-12-28 02:21:30 Database failed to load last Reissued Mempool State. Will have to start from empty stateLoaded Assets from database without error
Cache of assets size: 0
2023-12-28 02:21:30 Messaging is enabled
2023-12-28 02:21:30 LoadBlockIndexDB: last block file = 0
2023-12-28 02:21:30 LoadBlockIndexDB: last block file info: CBlockFileInfo(blocks=0, size=0, heights=0...0, time=1970-01-01...1970-01-01)
2023-12-28 02:21:30 Checking all blk files are present...
2023-12-28 02:21:30 LoadBlockIndexDB: transaction index disabled
2023-12-28 02:21:30 LoadBlockIndexDB: asset index disabled
2023-12-28 02:21:30 LoadBlockIndexDB: address index disabled
2023-12-28 02:21:30 LoadBlockIndexDB: timestamp index disabled
2023-12-28 02:21:30 LoadBlockIndexDB: spent index disabled
2023-12-28 02:21:30 Initializing databases...
2023-12-28 02:21:30 LoadBlockIndex: transaction index disabled
2023-12-28 02:21:30 LoadBlockIndex: asset index disabled
2023-12-28 02:21:30 LoadBlockIndex: address index disabled
2023-12-28 02:21:30 LoadBlockIndex: timestamp index disabled
2023-12-28 02:21:30 LoadBlockIndex: spent index disabled
2023-12-28 02:21:30 Pre-allocating up to position 0x1000000 in blk00000.dat
2023-12-28 02:21:30 Opening LevelDB in /home/legends/Desktop/CryptoLuck/Cryptoluck/src/qt/cl2/chainstate
2023-12-28 02:21:30 Opened LevelDB successfully
2023-12-28 02:21:30 Wrote new obfuscate key for /home/legends/Desktop/CryptoLuck/Cryptoluck/src/qt/cl2/chainstate: c4b77dc7a907e061
2023-12-28 02:21:30 Using obfuscation key for /home/legends/Desktop/CryptoLuck/Cryptoluck/src/qt/cl2/chainstate: c4b77dc7a907e061
2023-12-28 02:21:30 init message: Rewinding blocks...
2023-12-28 02:21:30  block index            1757ms
2023-12-28 02:21:30 init message: Loading wallet...
2023-12-28 02:21:30 nFileVersion = 1010100
2023-12-28 02:21:30 Keys: 0 plaintext, 0 encrypted, 0 w/ metadata, 0 total
2023-12-28 02:21:30 Performing wallet upgrade to 10000
2023-12-28 02:21:30 parameter interaction: -bip44 wallet enabled: true
2023-12-28 02:21:35 keypool added 2000 keys (1000 internal), size=2000 (1000 internal)
2023-12-28 02:21:36  wallet                 5597ms
2023-12-28 02:21:36 setKeyPool.size() = 2000
2023-12-28 02:21:36 mapWallet.size() = 0
2023-12-28 02:21:36 mapAddressBook.size() = 0
2023-12-28 02:21:36 UpdateTip: new best=000000eb1a028455ccf13a58de5f1e8cca706094138209c72e4a1f4c147cff88 height=0 version=0x00000004 log2_work=24.000022 tx=1 date='2023-12-27 04:09:32' progress=1.000000 cache=0.0MiB(0txo)
2023-12-28 02:21:36 mapBlockIndex.size() = 1
2023-12-28 02:21:36 Failed to open mempool file from disk. Continuing anyway.
2023-12-28 02:21:36 nBestHeight = 0
2023-12-28 02:21:36 Connection Manager: StartConnection Manager: Adding Seed Nodes
2023-12-28 02:21:36 init message: Loading P2P addresses...
2023-12-28 02:21:36 ERROR: DeserializeFileDB: Failed to open file /home/legends/Desktop/CryptoLuck/Cryptoluck/src/qt/cl2/peers.dat
2023-12-28 02:21:36 Invalid or missing peers.dat; recreating
2023-12-28 02:21:36 init message: Loading banlist...
2023-12-28 02:21:36 ERROR: DeserializeFileDB: Failed to open file /home/legends/Desktop/CryptoLuck/Cryptoluck/src/qt/cl2/banlist.dat
2023-12-28 02:21:36 Invalid or missing banlist.dat; recreating
2023-12-28 02:21:36 init message: Starting network threads...
2023-12-28 02:21:36 init message: Init Message Channels - Scanning Asset Transactions
2023-12-28 02:21:36 ScanForMessageChannels : Start Scanning For Message Channels
2023-12-28 02:21:36 ScanForMessageChannels : Finished Scanning For Message Channels. Subscribed Messages Channels Found: 0
2023-12-28 02:21:36 
2023-12-28 02:21:36 init message: Done Loading
2023-12-28 02:21:36 GUI: Platform customization: "other"
2023-12-28 02:21:36 msghand thread start
2023-12-28 02:21:36 net thread start
2023-12-28 02:21:36 addcon thread start
2023-12-28 02:21:36 opencon thread start
2023-12-28 02:21:36 dnsseed thread start
2023-12-28 02:21:36 Loading addresses from DNS seeds (could take a while)
2023-12-28 02:21:36 IP: 74.208.38.153
2023-12-28 02:21:36 IP: 74.208.38.153:8865
2023-12-28 02:21:36 1 addresses found from DNS seeds
2023-12-28 02:21:36 dnsseed thread exit
2023-12-28 02:21:36 GUI: PaymentServer::LoadRootCAs: Loaded  269  root certificates
2023-12-28 02:21:36 GUI: QObject::connect: No such slot MyRestrictedAssetsTableModel::updateDisplayUnit() in qt/myrestrictedassettablemodel.cpp:194
2023-12-28 02:21:36 GUI: QObject::connect: No such slot AssignQualifier::clear() in qt/restrictedassignqualifier.cpp:37
2023-12-28 02:21:36 GUI: QObject::connect:  (sender name:   'buttonClear')
2023-12-28 02:21:36 GUI: QObject::connect:  (receiver name: 'AssignQualifier')
2023-12-28 02:21:36 GUI: QObject::connect: No such slot FreezeAddress::clear() in qt/restrictedfreezeaddress.cpp:37
2023-12-28 02:21:36 GUI: QObject::connect:  (sender name:   'buttonClear')
2023-12-28 02:21:36 GUI: QObject::connect:  (receiver name: 'FreezeAddress')
2023-12-28 02:21:44 Encrypting Wallet with an nDeriveIterations of 267488
2023-12-28 02:21:46 CDB::Rewrite: Rewriting wallet.dat...
2023-12-28 02:22:30 addcon thread exit
2023-12-28 02:22:30 scheduler thread interrupt
2023-12-28 02:22:30 PrepareShutdown: In progress...
2023-12-28 02:22:30 net thread exit
2023-12-28 02:22:30 msghand thread exit
2023-12-28 02:22:32 opencon thread exit
2023-12-28 02:22:33 Dumped mempool: 2e-06s to copy, 0.042466s to dump
2023-12-28 02:22:33 Flush: Flushing messagechannelsdb addSize:0, removeSize:0, seenAddressSize:0
2023-12-28 02:22:33 Flush: Flushing messagechannelsdb addSize:0, removeSize:0, seenAddressSize:0
2023-12-28 02:22:33 Shutdown: done
